[2026-03-30 11:55:58] local.ERROR: The process "composer install --no-interaction" exceeded the timeout of 300 seconds. {"exception":"[object] (Illuminate\\Process\\Exceptions\\ProcessTimedOutException(code: 0): The process \"composer install --no-interaction\" exceeded the timeout of 300 seconds. at C:/GitHub/SmartDress/app/vendor/laravel/framework/src/Illuminate/Process/PendingProcess.php:262)
[stacktrace]
#0 C:/GitHub/SmartDress/app/vendor/nativephp/mobile/src/Traits/PreparesBuild.php(248): Illuminate/Process/PendingProcess->run()
#1 C:/GitHub/SmartDress/app/vendor/laravel/framework/src/Illuminate/Console/View/Components/Task.php(43): Native/Mobile/Commands/RunCommand->{closure:Native/Mobile/Traits/PreparesBuild::prepareLaravelBundle():245}()
#2 C:/GitHub/SmartDress/app/vendor/laravel/framework/src/Illuminate/Console/View/Components/Factory.php(59): Illuminate/Console/View/Components/Task->render()
#3 C:/GitHub/SmartDress/app/vendor/nativephp/mobile/src/Traits/PreparesBuild.php(245): Illuminate/Console/View/Components/Factory->__call()
#4 C:/GitHub/SmartDress/app/vendor/nativephp/mobile/src/Traits/PreparesBuild.php(68): Native/Mobile/Commands/RunCommand->prepareLaravelBundle()
#5 C:/GitHub/SmartDress/app/vendor/nativephp/mobile/src/Traits/RunsAndroid.php(122): Native/Mobile/Commands/RunCommand->prepareAndroidBuild()
#6 C:/GitHub/SmartDress/app/vendor/nativephp/mobile/src/Commands/RunCommand.php(131): Native/Mobile/Commands/RunCommand->runAndroid()
#7 C:/GitHub/SmartDress/app/vendor/laravel/framework/src/Illuminate/Container/BoundMethod.php(36): Native/Mobile/Commands/RunCommand->handle()
#8 C:/GitHub/SmartDress/app/vendor/laravel/framework/src/Illuminate/Container/Util.php(43): Illuminate/Container/BoundMethod::{closure:Illuminate/Container/BoundMethod::call():35}()
#9 C:/GitHub/SmartDress/app/vendor/laravel/framework/src/Illuminate/Container/BoundMethod.php(96): Illuminate/Container/Util::unwrapIfClosure()
#10 C:/GitHub/SmartDress/app/vendor/laravel/framework/src/Illuminate/Container/BoundMethod.php(35): Illuminate/Container/BoundMethod::callBoundMethod()
#11 C:/GitHub/SmartDress/app/vendor/laravel/framework/src/Illuminate/Container/Container.php(799): Illuminate/Container/BoundMethod::call()
#12 C:/GitHub/SmartDress/app/vendor/laravel/framework/src/Illuminate/Console/Command.php(280): Illuminate/Container/Container->call()
#13 C:/GitHub/SmartDress/app/vendor/symfony/console/Command/Command.php(291): Illuminate/Console/Command->execute()
#14 C:/GitHub/SmartDress/app/vendor/laravel/framework/src/Illuminate/Console/Command.php(249): Symfony/Component/Console/Command/Command->run()
#15 C:/GitHub/SmartDress/app/vendor/symfony/console/Application.php(1107): Illuminate/Console/Command->run()
#16 C:/GitHub/SmartDress/app/vendor/symfony/console/Application.php(356): Symfony/Component/Console/Application->doRunCommand()
#17 C:/GitHub/SmartDress/app/vendor/symfony/console/Application.php(195): Symfony/Component/Console/Application->doRun()
#18 C:/GitHub/SmartDress/app/vendor/laravel/framework/src/Illuminate/Foundation/Console/Kernel.php(198): Symfony/Component/Console/Application->run()
#19 C:/GitHub/SmartDress/app/vendor/laravel/framework/src/Illuminate/Foundation/Application.php(1235): Illuminate/Foundation/Console/Kernel->handle()
#20 C:/GitHub/SmartDress/app/artisan(16): Illuminate/Foundation/Application->handleCommand()
#21 {main}

[previous exception] [object] (Symfony\\Component\\Process\\Exception\\ProcessTimedOutException(code: 0): The process \"composer install --no-interaction\" exceeded the timeout of 300 seconds. at C:/GitHub/SmartDress/app/vendor/symfony/process/Process.php:1196)
[stacktrace]
#0 C:/GitHub/SmartDress/app/vendor/symfony/process/Process.php(462): Symfony/Component/Process/Process->checkTimeout()
#1 C:/GitHub/SmartDress/app/vendor/symfony/process/Process.php(254): Symfony/Component/Process/Process->wait()
#2 C:/GitHub/SmartDress/app/vendor/laravel/framework/src/Illuminate/Support/HigherOrderTapProxy.php(33): Symfony/Component/Process/Process->run()
#3 C:/GitHub/SmartDress/app/vendor/laravel/framework/src/Illuminate/Process/PendingProcess.php(260): Illuminate/Support/HigherOrderTapProxy->__call()
#4 C:/GitHub/SmartDress/app/vendor/nativephp/mobile/src/Traits/PreparesBuild.php(248): Illuminate/Process/PendingProcess->run()
#5 C:/GitHub/SmartDress/app/vendor/laravel/framework/src/Illuminate/Console/View/Components/Task.php(43): Native/Mobile/Commands/RunCommand->{closure:Native/Mobile/Traits/PreparesBuild::prepareLaravelBundle():245}()
#6 C:/GitHub/SmartDress/app/vendor/laravel/framework/src/Illuminate/Console/View/Components/Factory.php(59): Illuminate/Console/View/Components/Task->render()
#7 C:/GitHub/SmartDress/app/vendor/nativephp/mobile/src/Traits/PreparesBuild.php(245): Illuminate/Console/View/Components/Factory->__call()
#8 C:/GitHub/SmartDress/app/vendor/nativephp/mobile/src/Traits/PreparesBuild.php(68): Native/Mobile/Commands/RunCommand->prepareLaravelBundle()
#9 C:/GitHub/SmartDress/app/vendor/nativephp/mobile/src/Traits/RunsAndroid.php(122): Native/Mobile/Commands/RunCommand->prepareAndroidBuild()
#10 C:/GitHub/SmartDress/app/vendor/nativephp/mobile/src/Commands/RunCommand.php(131): Native/Mobile/Commands/RunCommand->runAndroid()
#11 C:/GitHub/SmartDress/app/vendor/laravel/framework/src/Illuminate/Container/BoundMethod.php(36): Native/Mobile/Commands/RunCommand->handle()
#12 C:/GitHub/SmartDress/app/vendor/laravel/framework/src/Illuminate/Container/Util.php(43): Illuminate/Container/BoundMethod::{closure:Illuminate/Container/BoundMethod::call():35}()
#13 C:/GitHub/SmartDress/app/vendor/laravel/framework/src/Illuminate/Container/BoundMethod.php(96): Illuminate/Container/Util::unwrapIfClosure()
#14 C:/GitHub/SmartDress/app/vendor/laravel/framework/src/Illuminate/Container/BoundMethod.php(35): Illuminate/Container/BoundMethod::callBoundMethod()
#15 C:/GitHub/SmartDress/app/vendor/laravel/framework/src/Illuminate/Container/Container.php(799): Illuminate/Container/BoundMethod::call()
#16 C:/GitHub/SmartDress/app/vendor/laravel/framework/src/Illuminate/Console/Command.php(280): Illuminate/Container/Container->call()
#17 C:/GitHub/SmartDress/app/vendor/symfony/console/Command/Command.php(291): Illuminate/Console/Command->execute()
#18 C:/GitHub/SmartDress/app/vendor/laravel/framework/src/Illuminate/Console/Command.php(249): Symfony/Component/Console/Command/Command->run()
#19 C:/GitHub/SmartDress/app/vendor/symfony/console/Application.php(1107): Illuminate/Console/Command->run()
#20 C:/GitHub/SmartDress/app/vendor/symfony/console/Application.php(356): Symfony/Component/Console/Application->doRunCommand()
#21 C:/GitHub/SmartDress/app/vendor/symfony/console/Application.php(195): Symfony/Component/Console/Application->doRun()
#22 C:/GitHub/SmartDress/app/vendor/laravel/framework/src/Illuminate/Foundation/Console/Kernel.php(198): Symfony/Component/Console/Application->run()
#23 C:/GitHub/SmartDress/app/vendor/laravel/framework/src/Illuminate/Foundation/Application.php(1235): Illuminate/Foundation/Console/Kernel->handle()
#24 C:/GitHub/SmartDress/app/artisan(16): Illuminate/Foundation/Application->handleCommand()
#25 {main}
"} 
[2026-03-30 12:29:35] local.ERROR: Command "native:clean" is not defined.

Did you mean one of these?
    cache:clear
    config:clear
    event:clear
    native:build
    native:check-build-number
    native:credentials
    native:debug
    native:emulator
    native:install
    native:jump
    native:open
    native:package
    native:plugin:boost
    native:plugin:create
    native:plugin:install-agent
    native:plugin:list
    native:plugin:make-hook
    native:plugin:register
    native:plugin:uninstall
    native:plugin:validate
    native:release
    native:run
    native:tail
    native:version
    native:watch
    optimize:clear
    queue:clear
    route:clear
    view:clear {"exception":"[object] (Symfony\\Component\\Console\\Exception\\CommandNotFoundException(code: 0): Command \"native:clean\" is not defined.

Did you mean one of these?
    cache:clear
    config:clear
    event:clear
    native:build
    native:check-build-number
    native:credentials
    native:debug
    native:emulator
    native:install
    native:jump
    native:open
    native:package
    native:plugin:boost
    native:plugin:create
    native:plugin:install-agent
    native:plugin:list
    native:plugin:make-hook
    native:plugin:register
    native:plugin:uninstall
    native:plugin:validate
    native:release
    native:run
    native:tail
    native:version
    native:watch
    optimize:clear
    queue:clear
    route:clear
    view:clear at C:/GitHub/SmartDress/app/vendor/symfony/console/Application.php:749)
[stacktrace]
#0 C:/GitHub/SmartDress/app/vendor/symfony/console/Application.php(298): Symfony/Component/Console/Application->find()
#1 C:/GitHub/SmartDress/app/vendor/symfony/console/Application.php(195): Symfony/Component/Console/Application->doRun()
#2 C:/GitHub/SmartDress/app/vendor/laravel/framework/src/Illuminate/Foundation/Console/Kernel.php(198): Symfony/Component/Console/Application->run()
#3 C:/GitHub/SmartDress/app/vendor/laravel/framework/src/Illuminate/Foundation/Application.php(1235): Illuminate/Foundation/Console/Kernel->handle()
#4 C:/GitHub/SmartDress/app/artisan(16): Illuminate/Foundation/Application->handleCommand()
#5 {main}
"} 
[2026-03-30 12:35:59] local.ERROR: Command "native:clean" is not defined.

Did you mean one of these?
    cache:clear
    config:clear
    event:clear
    native:build
    native:check-build-number
    native:credentials
    native:debug
    native:emulator
    native:install
    native:jump
    native:open
    native:package
    native:plugin:boost
    native:plugin:create
    native:plugin:install-agent
    native:plugin:list
    native:plugin:make-hook
    native:plugin:register
    native:plugin:uninstall
    native:plugin:validate
    native:release
    native:run
    native:tail
    native:version
    native:watch
    optimize:clear
    queue:clear
    route:clear
    view:clear {"exception":"[object] (Symfony\\Component\\Console\\Exception\\CommandNotFoundException(code: 0): Command \"native:clean\" is not defined.

Did you mean one of these?
    cache:clear
    config:clear
    event:clear
    native:build
    native:check-build-number
    native:credentials
    native:debug
    native:emulator
    native:install
    native:jump
    native:open
    native:package
    native:plugin:boost
    native:plugin:create
    native:plugin:install-agent
    native:plugin:list
    native:plugin:make-hook
    native:plugin:register
    native:plugin:uninstall
    native:plugin:validate
    native:release
    native:run
    native:tail
    native:version
    native:watch
    optimize:clear
    queue:clear
    route:clear
    view:clear at C:/GitHub/SmartDress/app/vendor/symfony/console/Application.php:749)
[stacktrace]
#0 C:/GitHub/SmartDress/app/vendor/symfony/console/Application.php(298): Symfony/Component/Console/Application->find()
#1 C:/GitHub/SmartDress/app/vendor/symfony/console/Application.php(195): Symfony/Component/Console/Application->doRun()
#2 C:/GitHub/SmartDress/app/vendor/laravel/framework/src/Illuminate/Foundation/Console/Kernel.php(198): Symfony/Component/Console/Application->run()
#3 C:/GitHub/SmartDress/app/vendor/laravel/framework/src/Illuminate/Foundation/Application.php(1235): Illuminate/Foundation/Console/Kernel->handle()
#4 C:/GitHub/SmartDress/app/artisan(16): Illuminate/Foundation/Application->handleCommand()
#5 {main}
"} 
[2026-03-30 12:46:35] local.ERROR: Command "native:clean" is not defined.

Did you mean one of these?
    cache:clear
    config:clear
    event:clear
    native:build
    native:check-build-number
    native:credentials
    native:debug
    native:emulator
    native:install
    native:jump
    native:open
    native:package
    native:plugin:boost
    native:plugin:create
    native:plugin:install-agent
    native:plugin:list
    native:plugin:make-hook
    native:plugin:register
    native:plugin:uninstall
    native:plugin:validate
    native:release
    native:run
    native:tail
    native:version
    native:watch
    optimize:clear
    queue:clear
    route:clear
    view:clear {"exception":"[object] (Symfony\\Component\\Console\\Exception\\CommandNotFoundException(code: 0): Command \"native:clean\" is not defined.

Did you mean one of these?
    cache:clear
    config:clear
    event:clear
    native:build
    native:check-build-number
    native:credentials
    native:debug
    native:emulator
    native:install
    native:jump
    native:open
    native:package
    native:plugin:boost
    native:plugin:create
    native:plugin:install-agent
    native:plugin:list
    native:plugin:make-hook
    native:plugin:register
    native:plugin:uninstall
    native:plugin:validate
    native:release
    native:run
    native:tail
    native:version
    native:watch
    optimize:clear
    queue:clear
    route:clear
    view:clear at C:/GitHub/SmartDress/app/vendor/symfony/console/Application.php:749)
[stacktrace]
#0 C:/GitHub/SmartDress/app/vendor/symfony/console/Application.php(298): Symfony/Component/Console/Application->find()
#1 C:/GitHub/SmartDress/app/vendor/symfony/console/Application.php(195): Symfony/Component/Console/Application->doRun()
#2 C:/GitHub/SmartDress/app/vendor/laravel/framework/src/Illuminate/Foundation/Console/Kernel.php(198): Symfony/Component/Console/Application->run()
#3 C:/GitHub/SmartDress/app/vendor/laravel/framework/src/Illuminate/Foundation/Application.php(1235): Illuminate/Foundation/Console/Kernel->handle()
#4 C:/GitHub/SmartDress/app/artisan(16): Illuminate/Foundation/Application->handleCommand()
#5 {main}
"} 
